Base path: /Applications/Unity/Unity.app/Contents
Pipe name: \\.\pipe\UnityShaderCompiler-64bit-1-2029699840
Cmd: getPlatforms
Cmd: compileSnippet
  api=0 type=0 insize=1333 outsize=1134 kw= ok=1
Cmd: compileSnippet
  api=0 type=1 insize=1333 outsize=6 kw= ok=1
Cmd: compileSnippet
  api=0 type=0 insize=1329 outsize=1129 kw= ok=1
Cmd: compileSnippet
  api=0 type=1 insize=1329 outsize=6 kw= ok=1
Cmd: compileSnippet
  api=0 type=0 insize=1329 outsize=1129 kw= ok=1
Cmd: compileSnippet
  api=0 type=1 insize=1329 outsize=6 kw= ok=1
Cmd: compileSnippet
  api=0 type=0 insize=1333 outsize=1134 kw= ok=1
Cmd: compileSnippet
  api=0 type=1 insize=1333 outsize=6 kw= ok=1
Cmd: compileSnippet
  api=0 type=0 insize=1321 outsize=1119 kw= ok=1
Cmd: compileSnippet
  api=0 type=1 insize=1321 outsize=6 kw= ok=1
Cmd: compileSnippet
  api=0 type=0 insize=1331 outsize=1129 kw= ok=1
Cmd: compileSnippet
  api=0 type=1 insize=1331 outsize=6 kw= ok=1
Cmd: compileSnippet
  api=0 type=0 insize=7250 outsize=8373 kw=DIRECTIONAL SHADOWS_OFF LIGHTMAP_OFF DIRLIGHTMAP_COMBINED DYNAMICLIGHTMAP_ON ok=1
Cmd: compileSnippet
  api=0 type=1 insize=7250 outsize=6 kw=DIRECTIONAL SHADOWS_OFF LIGHTMAP_OFF DIRLIGHTMAP_COMBINED DYNAMICLIGHTMAP_ON ok=1
